  2022-02-01 15:37:10 INFO  UserController:44 - liste des utilisateurs
  2022-02-01 15:46:32 INFO  UserController:109 - Supprimer un utilisateur
  2022-02-01 15:47:42 INFO  UserController:66 - Ajouter un utilisateur
  2022-02-01 16:31:11 INFO  UserController:65 - Ajouter un utilisateur
  2022-02-01 16:31:18 INFO  RoleController:46 - Liste des roles
  2022-02-01 16:31:28 INFO  RoleController:68 - Ajouter un role
  2022-02-01 16:31:49 INFO  RoleController:46 - Liste des roles
  2022-02-01 16:31:51 INFO  RoleController:46 - Liste des roles
  2022-02-01 23:02:46 INFO  UserController:45 - liste des utilisateurs
  2022-02-02 00:34:04 INFO  UserController:45 - liste des utilisateurs
  2022-02-02 00:34:11 INFO  UserController:45 - liste des utilisateurs
  2022-02-02 11:45:52 INFO  UserController:68 - Ajouter un utilisateur
  2022-02-02 11:53:20 INFO  UserController:68 - Ajouter un utilisateur
  2022-02-02 13:32:27 INFO  ProfileMemberController:69 - Ajouter un profil member
  2022-02-02 13:33:09 INFO  UserController:68 - Ajouter un utilisateur
  2022-02-02 13:37:22 INFO  GroupController:46 - Liste des groupes
  2022-02-02 23:06:48 INFO  ProfilController:111 - Updater un profil
  2022-02-02 23:10:02 INFO  ProfilController:111 - Updater un profil
  2022-02-03 15:41:51 INFO  UserMembershipController:42 - liste des membership
  2022-02-04 11:51:47 INFO  UserController:68 - Ajouter un utilisateur
  2022-02-04 14:35:19 INFO  UserController:134 - Updater un utilisateur
  2022-02-04 14:36:04 INFO  UserController:134 - Updater un utilisateur
  2022-02-04 14:36:50 INFO  UserController:134 - Updater un utilisateur
  2022-02-04 14:37:08 INFO  UserController:45 - liste des utilisateurs
  2022-02-04 14:37:17 INFO  UserController:134 - Updater un utilisateur
  2022-02-04 14:37:41 INFO  UserController:134 - Updater un utilisateur
  2022-02-04 14:40:07 INFO  ProfilController:111 - Updater un profil
  2022-02-04 15:20:46 INFO  UserController:68 - Ajouter un utilisateur
  2022-02-04 15:26:14 INFO  UserController:45 - liste des utilisateurs
  2022-02-04 15:29:24 INFO  UserController:68 - Ajouter un utilisateur
  2022-02-04 22:21:45 INFO  UserController:68 - Ajouter un utilisateur
  2022-02-04 22:22:22 INFO  UserController:68 - Ajouter un utilisateur
  2022-02-04 22:28:55 INFO  UserController:68 - Ajouter un utilisateur
  2022-02-04 22:43:16 INFO  UserController:45 - liste des utilisateurs
  2022-02-04 23:11:08 INFO  UserMembershipController:42 - liste des membership
  2022-02-04 23:20:03 INFO  UserController:68 - Ajouter un utilisateur
  2022-02-04 23:54:15 INFO  UserController:45 - liste des utilisateurs
  2022-02-04 23:56:47 INFO  UserController:45 - liste des utilisateurs
  2022-02-04 23:59:47 INFO  UserController:45 - liste des utilisateurs
  2022-02-05 00:00:54 INFO  UserController:45 - liste des utilisateurs
  2022-02-05 00:02:09 INFO  UserController:45 - liste des utilisateurs
  2022-02-05 00:02:35 INFO  RoleController:46 - Liste des roles
  2022-02-05 00:11:21 INFO  GroupController:46 - Liste des groupes
  2022-02-05 00:13:23 INFO  UserController:45 - liste des utilisateurs
  2022-02-05 22:52:15 INFO  UserController:90 - afficher les info d'un utilisateur
  2022-02-05 22:52:51 INFO  UserController:90 - afficher les info d'un utilisateur
  2022-02-05 22:53:32 INFO  RoleController:46 - Liste des roles
  2022-02-05 22:55:32 INFO  GroupController:46 - Liste des groupes
  2022-02-05 23:06:23 INFO  UserController:90 - afficher les info d'un utilisateur
  2022-02-05 23:09:03 INFO  UserController:90 - afficher les info d'un utilisateur
  2022-02-05 23:09:09 INFO  UserController:90 - afficher les info d'un utilisateur
  2022-02-05 23:10:25 INFO  ProfileMemberController:47 - Liste des profils members
  2022-02-05 23:13:30 INFO  ProfileMemberController:47 - Liste des profils members
  2022-02-05 23:27:09 INFO  UserController:45 - liste des utilisateurs
  2022-02-05 23:29:23 INFO  UserController:90 - afficher les info d'un utilisateur
  2022-02-05 23:29:33 INFO  UserController:90 - afficher les info d'un utilisateur
  2022-02-05 23:39:56 INFO  RoleController:46 - Liste des roles
  2022-02-05 23:40:27 INFO  UserContactInfoController:47 - liste des informations des utilisateurs
  2022-02-05 23:49:10 INFO  UserController:45 - liste des utilisateurs
  2022-02-06 00:32:08 INFO  UserController:45 - liste des utilisateurs
  2022-02-06 00:32:24 INFO  UserController:90 - afficher les info d'un utilisateur
  2022-02-06 20:21:53 INFO  UserController:90 - afficher les info d'un utilisateur
  2022-02-06 20:22:13 INFO  UserController:90 - afficher les info d'un utilisateur
  2022-02-06 20:24:09 INFO  UserController:90 - afficher les info d'un utilisateur
  2022-02-06 20:32:06 INFO  UserController:90 - afficher les info d'un utilisateur
  2022-02-06 20:36:21 INFO  UserController:90 - afficher les info d'un utilisateur
  2022-02-06 20:39:09 INFO  UserController:90 - afficher les info d'un utilisateur
  2022-02-06 20:45:31 INFO  RoleController:46 - Liste des roles
  2022-02-06 20:49:50 INFO  ProfileMemberController:47 - Liste des profils members
  2022-02-07 22:46:52 INFO  RejetController:48 - Liste des rejets
  2022-02-07 22:50:03 INFO  RejetController:48 - Liste des rejets
  2022-02-07 23:00:41 INFO  RejetController:48 - Liste des rejets
  2022-02-07 23:03:17 INFO  RejetController:49 - Liste des rejets
  2022-02-07 23:03:36 INFO  UserController:45 - liste des utilisateurs
  2022-02-07 23:19:16 INFO  UserController:45 - liste des utilisateurs
  2022-02-07 23:20:22 INFO  RejetController:49 - Liste des rejets
  2022-02-07 23:41:40 INFO  RejetController:48 - Liste des rejets
  2022-02-08 10:53:10 INFO  RejetController:48 - Liste des rejets
  2022-02-08 12:37:56 INFO  RejetController:48 - Liste des rejets
  2022-02-08 13:25:54 INFO  RejetController:45 - Liste des rejets
  2022-02-08 15:10:59 INFO  RoleController:68 - Ajouter un role
  2022-02-08 15:11:47 INFO  RejetController:65 - Ajouter un rejet
  2022-02-08 15:13:19 INFO  RejetController:86 - Supprimer un rejet
  2022-02-08 15:28:12 INFO  RejetController:45 - Liste des rejets
  2022-02-08 15:30:58 INFO  RejetController:109 - Updater un rejet
  2022-02-08 15:39:53 INFO  UserController:88 - afficher les info d'un utilisateur
  2022-02-08 15:41:17 INFO  RejetController:131 - rejet by id
  2022-02-08 15:47:01 INFO  RoleController:134 - role by id
  2022-02-08 15:52:28 INFO  ProfilController:134 - profile by id
  2022-02-08 16:15:51 INFO  GroupController:132 - profile by id
  2022-02-08 16:26:34 INFO  UserMembershipController:127 - usermembership by id
  2022-02-08 16:37:00 INFO  ProfileMemberController:133 - ProfilMember by id
  2022-02-08 17:06:24 INFO  ProfileMemberController:92 - Supprimer un profil member
  2022-02-08 17:08:50 INFO  ProfilController:91 - Supprimer un profil 
  2022-02-08 17:10:46 INFO  GroupController:91 - Supprimer un groupe 
  2022-02-08 17:13:39 INFO  UserContactInfoController:92 - Supprimer user contact info 
  2022-02-08 17:15:58 INFO  UserController:111 - Supprimer user
  2022-02-08 17:19:02 INFO  UserMembershipController:86 - Supprimer userMembership
  2022-02-08 21:47:26 INFO  RejetController:47 - Liste des rejets
  2022-02-08 21:51:42 INFO  RejetController:132 - rejet by id
  2022-02-08 21:52:11 INFO  RejetController:132 - rejet by id
  2022-02-08 22:30:17 INFO  UserController:46 - liste des utilisateurs
  2022-02-08 22:38:16 INFO  UserController:46 - liste des utilisateurs
  2022-02-08 22:54:19 INFO  UserController:46 - liste des utilisateurs
  2022-02-08 23:25:56 INFO  UserController:46 - liste des utilisateurs
  2022-02-08 23:34:52 INFO  UserController:47 - liste des utilisateurs
  2022-02-08 23:51:59 INFO  RejetController:73 - Ajouter un rejet
  2022-02-08 23:59:38 INFO  RejetController:73 - Ajouter un rejet
  2022-02-09 11:47:52 INFO  RejetController:73 - Ajouter un rejet
  2022-02-09 22:55:03 INFO  RejetController:158 - Updater un rejet
  2022-02-09 23:00:31 INFO  RejetController:198 - Updater un rejet
  2022-02-09 23:01:34 INFO  RejetController:158 - Updater un rejet
  2022-02-09 23:02:02 INFO  RejetController:158 - Updater un rejet
  2022-02-09 23:02:09 INFO  RejetController:158 - Updater un rejet
  2022-02-09 23:02:38 INFO  RejetController:158 - Updater un rejet
  2022-02-09 23:04:27 INFO  RejetController:87 - Ajouter un rejet
  2022-02-09 23:08:30 INFO  RejetController:158 - Updater un rejet
  2022-02-09 23:08:38 INFO  RejetController:87 - Ajouter un rejet
  2022-02-09 23:08:46 INFO  RejetController:198 - Updater un rejet
  2022-02-09 23:09:49 INFO  UserController:69 - Ajouter un utilisateur
  2022-02-09 23:10:53 INFO  RejetController:87 - Ajouter un rejet
  2022-02-09 23:13:00 INFO  RejetController:158 - Updater un rejet
  2022-02-09 23:14:03 INFO  RejetController:87 - Ajouter un rejet
  2022-02-11 12:18:56 INFO  RejetController:87 - Ajouter un rejet
  2022-02-11 12:24:07 INFO  UserController:69 - Ajouter un utilisateur
  2022-02-11 12:25:52 INFO  RejetController:158 - Updater un rejet
  2022-02-11 12:27:09 INFO  RejetController:198 - Updater un rejet
  2022-02-11 12:46:23 INFO  UserController:69 - Ajouter un utilisateur
  2022-02-11 12:47:19 INFO  RejetController:198 - Updater un rejet
  2022-02-11 12:50:01 INFO  RejetController:158 - Updater un rejet
  2022-02-11 21:43:05 INFO  UserController:69 - Ajouter un utilisateur
  2022-02-11 21:44:55 INFO  RoleController:48 - Liste des roles
  2022-02-11 21:45:26 INFO  RoleController:70 - Ajouter un role
  2022-02-11 23:07:42 INFO  GroupController:52 - nbr rejet par user
  2022-02-11 23:13:11 INFO  GroupController:52 - nbr rejet par user
  2022-02-11 23:19:59 INFO  GroupController:55 - nbr rejet par user
  